build/app/intermediates/manifest_merge_blame_file/release/manifest-merger-blame-release-report.txt
1<?xml version="1.0" encoding="utf-8"?>
2<manifest xmlns:android="http://schemas.android.com/apk/res/android"
3    package="com.bansalstream.brominebrowser"
4    android:versionCode="16"
5    android:versionName="1.2.7" >
6
7    <uses-sdk
8        android:minSdkVersion="21"
8-->src\main\AndroidManifest.xml
9        android:targetSdkVersion="30" />
9-->src\main\AndroidManifest.xml
10
11    <uses-permission android:name="android.permission.READ_EXTERNAL_STORAGE" />
11-->src\main\AndroidManifest.xml:4:5-79
11-->src\main\AndroidManifest.xml:4:22-77
12    <uses-permission android:name="android.permission.INTERNET" />
12-->src\main\AndroidManifest.xml:5:5-66
12-->src\main\AndroidManifest.xml:5:22-64
13    <uses-permission android:name="android.permission.CAMERA" />
13-->src\main\AndroidManifest.xml:6:5-65
13-->src\main\AndroidManifest.xml:6:22-62
14    <uses-permission android:name="android.permission.RECORD_AUDIO" />
14-->src\main\AndroidManifest.xml:7:5-71
14-->src\main\AndroidManifest.xml:7:22-68
15    <uses-permission android:name="android.permission.MODIFY_AUDIO_SETTINGS" />
15-->src\main\AndroidManifest.xml:8:5-80
15-->src\main\AndroidManifest.xml:8:22-77
16    <uses-permission android:name="android.permission.VIDEO_CAPTURE" />
16-->src\main\AndroidManifest.xml:9:5-72
16-->src\main\AndroidManifest.xml:9:22-69
17    <uses-permission android:name="android.permission.AUDIO_CAPTURE" />
17-->src\main\AndroidManifest.xml:10:5-72
17-->src\main\AndroidManifest.xml:10:22-69
18    <uses-permission android:name="android.permission.WAKE_LOCK" />
18-->src\main\AndroidManifest.xml:11:5-67
18-->src\main\AndroidManifest.xml:11:22-65
19    <uses-permission android:name="android.permission.WRITE_EXTERNAL_STORAGE" />
19-->src\main\AndroidManifest.xml:12:5-81
19-->src\main\AndroidManifest.xml:12:22-78
20    <uses-permission android:name="android.permission.REQUEST_INSTALL_PACKAGES" />
20-->[:open_file] AndroidManifest.xml:8:5-83
20-->[:open_file] AndroidManifest.xml:8:22-80
21    <uses-permission android:name="android.permission.ACCESS_NETWORK_STATE" />
21-->[androidx.work:work-runtime:2.4.0] AndroidManifest.xml:26:5-79
21-->[androidx.work:work-runtime:2.4.0] AndroidManifest.xml:26:22-76
22    <uses-permission android:name="android.permission.RECEIVE_BOOT_COMPLETED" />
22-->[androidx.work:work-runtime:2.4.0] AndroidManifest.xml:27:5-81
22-->[androidx.work:work-runtime:2.4.0] AndroidManifest.xml:27:22-78
23    <uses-permission android:name="android.permission.FOREGROUND_SERVICE" />
23-->[androidx.work:work-runtime:2.4.0] AndroidManifest.xml:28:5-77
23-->[androidx.work:work-runtime:2.4.0] AndroidManifest.xml:28:22-74
24    <!--
25 io.flutter.app.FlutterApplication is an android.app.Application that
26         calls FlutterMain.startInitialization(this); in its onCreate method.
27         In most cases you can leave this as-is, but you if you want to provide
28         additional functionality it is fine to subclass or reimplement
29         FlutterApplication and put your custom class here.
30    -->
31    <application
31-->src\main\AndroidManifest.xml:19:5-78:19
32        android:name="io.flutter.app.FlutterApplication"
32-->src\main\AndroidManifest.xml:20:9-57
33        android:appComponentFactory="androidx.core.app.CoreComponentFactory"
33-->[androidx.core:core:1.3.1] AndroidManifest.xml:24:18-86
34        android:icon="@mipmap/ic_launcher"
34-->src\main\AndroidManifest.xml:23:9-43
35        android:label="Bromine Browser"
35-->src\main\AndroidManifest.xml:21:9-40
36        android:usesCleartextTraffic="true" >
36-->src\main\AndroidManifest.xml:22:9-44
37        <activity
37-->src\main\AndroidManifest.xml:24:9-52:20
38            android:name="com.bansalstream.brominebrowser.MainActivity"
38-->src\main\AndroidManifest.xml:25:13-41
39            android:configChanges="orientation|keyboardHidden|keyboard|screenSize|smallestScreenSize|locale|layoutDirection|fontScale|screenLayout|density|uiMode"
39-->src\main\AndroidManifest.xml:28:13-163
40            android:hardwareAccelerated="true"
40-->src\main\AndroidManifest.xml:29:13-47
41            android:launchMode="singleTop"
41-->src\main\AndroidManifest.xml:26:13-43
42            android:theme="@style/LaunchTheme"
42-->src\main\AndroidManifest.xml:27:13-47
43            android:windowSoftInputMode="adjustResize" >
43-->src\main\AndroidManifest.xml:30:13-55
44
45            <!--
46                 Specifies an Android theme to apply to this Activity as soon as
47                 the Android process has started. This theme is visible to the user
48                 while the Flutter UI initializes. After that, this theme continues
49                 to determine the Window background behind the Flutter UI.
50            -->
51            <meta-data
51-->src\main\AndroidManifest.xml:35:13-38:17
52                android:name="io.flutter.embedding.android.NormalTheme"
52-->src\main\AndroidManifest.xml:36:15-70
53                android:resource="@style/NormalTheme" />
53-->src\main\AndroidManifest.xml:37:15-52
54            <!--
55                 Displays an Android View that continues showing the launch screen
56                 Drawable until Flutter paints its first frame, then this splash
57                 screen fades out. A splash screen is useful to avoid any visual
58                 gap between the end of Android's launch screen and the painting of
59                 Flutter's first frame.
60            -->
61            <meta-data
61-->src\main\AndroidManifest.xml:44:13-47:17
62                android:name="io.flutter.embedding.android.SplashScreenDrawable"
62-->src\main\AndroidManifest.xml:45:15-79
63                android:resource="@drawable/launch_background" />
63-->src\main\AndroidManifest.xml:46:15-61
64
65            <intent-filter>
65-->src\main\AndroidManifest.xml:48:13-51:29
66                <action android:name="android.intent.action.MAIN" />
66-->src\main\AndroidManifest.xml:49:17-68
66-->src\main\AndroidManifest.xml:49:25-66
67
68                <category android:name="android.intent.category.LAUNCHER" />
68-->src\main\AndroidManifest.xml:50:17-76
68-->src\main\AndroidManifest.xml:50:27-74
69            </intent-filter>
70        </activity>
71        <!--
72             Don't delete the meta-data below.
73             This is used by the Flutter tool to generate GeneratedPluginRegistrant.java
74        -->
75        <meta-data
75-->src\main\AndroidManifest.xml:55:9-57:33
76            android:name="flutterEmbedding"
76-->src\main\AndroidManifest.xml:56:13-44
77            android:value="2" />
77-->src\main\AndroidManifest.xml:57:13-30
78
79        <provider
80            android:name="com.pichillilorenzo.flutter_inappwebview.InAppWebViewFileProvider"
80-->src\main\AndroidManifest.xml:60:13-93
81            android:authorities="com.bansalstream.brominebrowser.flutter_inappwebview.fileprovider"
81-->src\main\AndroidManifest.xml:61:13-85
82            android:exported="false"
82-->src\main\AndroidManifest.xml:62:13-37
83            android:grantUriPermissions="true" >
83-->src\main\AndroidManifest.xml:63:13-47
84            <meta-data
84-->src\main\AndroidManifest.xml:64:13-66:58
85                android:name="android.support.FILE_PROVIDER_PATHS"
85-->src\main\AndroidManifest.xml:65:17-67
86                android:resource="@xml/provider_paths" />
86-->src\main\AndroidManifest.xml:66:17-55
87        </provider>
88        <provider
89            android:name="vn.hunghd.flutterdownloader.DownloadedFileProvider"
89-->src\main\AndroidManifest.xml:70:13-78
90            android:authorities="com.bansalstream.brominebrowser.flutter_downloader.provider"
90-->src\main\AndroidManifest.xml:71:13-79
91            android:exported="false"
91-->src\main\AndroidManifest.xml:72:13-37
92            android:grantUriPermissions="true" >
92-->src\main\AndroidManifest.xml:73:13-47
93            <meta-data
93-->src\main\AndroidManifest.xml:64:13-66:58
94                android:name="android.support.FILE_PROVIDER_PATHS"
94-->src\main\AndroidManifest.xml:65:17-67
95                android:resource="@xml/provider_paths" />
95-->src\main\AndroidManifest.xml:66:17-55
96        </provider>
97        <provider
97-->[:open_file] AndroidManifest.xml:12:9-21:20
98            android:name="androidx.core.content.FileProvider"
98-->[:open_file] AndroidManifest.xml:13:13-62
99            android:authorities="com.bansalstream.brominebrowser.fileProvider"
99-->[:open_file] AndroidManifest.xml:14:13-64
100            android:exported="false"
100-->[:open_file] AndroidManifest.xml:15:13-37
101            android:grantUriPermissions="true" >
101-->[:open_file] AndroidManifest.xml:16:13-47
102            <meta-data
102-->src\main\AndroidManifest.xml:64:13-66:58
103                android:name="android.support.FILE_PROVIDER_PATHS"
103-->src\main\AndroidManifest.xml:65:17-67
104                android:resource="@xml/filepaths" />
104-->src\main\AndroidManifest.xml:66:17-55
105        </provider>
106
107        <activity
107-->[:url_launcher] AndroidManifest.xml:8:9-11:74
108            android:name="io.flutter.plugins.urllauncher.WebViewActivity"
108-->[:url_launcher] AndroidManifest.xml:9:13-74
109            android:exported="false"
109-->[:url_launcher] AndroidManifest.xml:10:13-37
110            android:theme="@android:style/Theme.NoTitleBar.Fullscreen" />
110-->[:url_launcher] AndroidManifest.xml:11:13-71
111        <activity
111-->[:flutter_inappwebview] AndroidManifest.xml:8:9-11:47
112            android:name="com.pichillilorenzo.flutter_inappwebview.InAppBrowser.InAppBrowserActivity"
112-->[:flutter_inappwebview] AndroidManifest.xml:9:13-102
113            android:configChanges="orientation|screenSize"
113-->[:flutter_inappwebview] AndroidManifest.xml:10:13-59
114            android:theme="@style/AppTheme" />
114-->[:flutter_inappwebview] AndroidManifest.xml:11:13-44
115        <activity
115-->[:flutter_inappwebview] AndroidManifest.xml:12:9-15:55
116            android:name="com.pichillilorenzo.flutter_inappwebview.ChromeCustomTabs.ChromeCustomTabsActivity"
116-->[:flutter_inappwebview] AndroidManifest.xml:13:13-110
117            android:configChanges="orientation|screenSize"
117-->[:flutter_inappwebview] AndroidManifest.xml:14:13-59
118            android:theme="@style/ThemeTransparent" />
118-->[:flutter_inappwebview] AndroidManifest.xml:15:13-52
119
120        <receiver android:name="com.pichillilorenzo.flutter_inappwebview.ChromeCustomTabs.ActionBroadcastReceiver" />
120-->[:flutter_inappwebview] AndroidManifest.xml:17:9-118
120-->[:flutter_inappwebview] AndroidManifest.xml:17:19-115
121
122        <provider
122-->[:share_extend] AndroidManifest.xml:8:9-13:20
123            android:name="com.zt.shareextend.ShareExtendProvider"
123-->[:share_extend] AndroidManifest.xml:9:13-66
124            android:authorities="com.bansalstream.brominebrowser.shareextend.fileprovider"
124-->[:share_extend] AndroidManifest.xml:10:13-76
125            android:exported="false"
125-->[:share_extend] AndroidManifest.xml:11:13-37
126            android:grantUriPermissions="true" >
126-->[:share_extend] AndroidManifest.xml:12:13-47
127        </provider>
128        <provider
128-->[:share] AndroidManifest.xml:8:9-16:20
129            android:name="io.flutter.plugins.share.ShareFileProvider"
129-->[:share] AndroidManifest.xml:9:13-70
130            android:authorities="com.bansalstream.brominebrowser.flutter.share_provider"
130-->[:share] AndroidManifest.xml:10:13-74
131            android:exported="false"
131-->[:share] AndroidManifest.xml:11:13-37
132            android:grantUriPermissions="true" >
132-->[:share] AndroidManifest.xml:12:13-47
133            <meta-data
133-->src\main\AndroidManifest.xml:64:13-66:58
134                android:name="android.support.FILE_PROVIDER_PATHS"
134-->src\main\AndroidManifest.xml:65:17-67
135                android:resource="@xml/flutter_share_file_paths" />
135-->src\main\AndroidManifest.xml:66:17-55
136        </provider>
137
138        <activity android:name="de.mintware.barcode_scan.BarcodeScannerActivity" />
138-->[:barcode_scan] AndroidManifest.xml:10:9-84
138-->[:barcode_scan] AndroidManifest.xml:10:19-81
139
140        <provider
140-->[androidx.work:work-runtime:2.4.0] AndroidManifest.xml:31:9-37:35
141            android:name="androidx.work.impl.WorkManagerInitializer"
141-->[androidx.work:work-runtime:2.4.0] AndroidManifest.xml:32:13-69
142            android:authorities="com.bansalstream.brominebrowser.workmanager-init"
142-->[androidx.work:work-runtime:2.4.0] AndroidManifest.xml:33:13-68
143            android:directBootAware="false"
143-->[androidx.work:work-runtime:2.4.0] AndroidManifest.xml:34:13-44
144            android:exported="false"
144-->[androidx.work:work-runtime:2.4.0] AndroidManifest.xml:35:13-37
145            android:multiprocess="true" />
145-->[androidx.work:work-runtime:2.4.0] AndroidManifest.xml:36:13-40
146
147        <service
147-->[androidx.work:work-runtime:2.4.0] AndroidManifest.xml:39:9-44:35
148            android:name="androidx.work.impl.background.systemalarm.SystemAlarmService"
148-->[androidx.work:work-runtime:2.4.0] AndroidManifest.xml:40:13-88
149            android:directBootAware="false"
149-->[androidx.work:work-runtime:2.4.0] AndroidManifest.xml:41:13-44
150            android:enabled="@bool/enable_system_alarm_service_default"
150-->[androidx.work:work-runtime:2.4.0] AndroidManifest.xml:42:13-72
151            android:exported="false" />
151-->[androidx.work:work-runtime:2.4.0] AndroidManifest.xml:43:13-37
152        <service
152-->[androidx.work:work-runtime:2.4.0] AndroidManifest.xml:45:9-51:35
153            android:name="androidx.work.impl.background.systemjob.SystemJobService"
153-->[androidx.work:work-runtime:2.4.0] AndroidManifest.xml:46:13-84
154            android:directBootAware="false"
154-->[androidx.work:work-runtime:2.4.0] AndroidManifest.xml:47:13-44
155            android:enabled="@bool/enable_system_job_service_default"
155-->[androidx.work:work-runtime:2.4.0] AndroidManifest.xml:48:13-70
156            android:exported="true"
156-->[androidx.work:work-runtime:2.4.0] AndroidManifest.xml:49:13-36
157            android:permission="android.permission.BIND_JOB_SERVICE" />
157-->[androidx.work:work-runtime:2.4.0] AndroidManifest.xml:50:13-69
158        <service
158-->[androidx.work:work-runtime:2.4.0] AndroidManifest.xml:52:9-57:35
159            android:name="androidx.work.impl.foreground.SystemForegroundService"
159-->[androidx.work:work-runtime:2.4.0] AndroidManifest.xml:53:13-81
160            android:directBootAware="false"
160-->[androidx.work:work-runtime:2.4.0] AndroidManifest.xml:54:13-44
161            android:enabled="@bool/enable_system_foreground_service_default"
161-->[androidx.work:work-runtime:2.4.0] AndroidManifest.xml:55:13-77
162            android:exported="false" />
162-->[androidx.work:work-runtime:2.4.0] AndroidManifest.xml:56:13-37
163
164        <receiver
164-->[androidx.work:work-runtime:2.4.0] AndroidManifest.xml:59:9-64:35
165            android:name="androidx.work.impl.utils.ForceStopRunnable$BroadcastReceiver"
165-->[androidx.work:work-runtime:2.4.0] AndroidManifest.xml:60:13-88
166            android:directBootAware="false"
166-->[androidx.work:work-runtime:2.4.0] AndroidManifest.xml:61:13-44
167            android:enabled="true"
167-->[androidx.work:work-runtime:2.4.0] AndroidManifest.xml:62:13-35
168            android:exported="false" />
168-->[androidx.work:work-runtime:2.4.0] AndroidManifest.xml:63:13-37
169        <receiver
169-->[androidx.work:work-runtime:2.4.0] AndroidManifest.xml:65:9-75:20
170            android:name="androidx.work.impl.background.systemalarm.ConstraintProxy$BatteryChargingProxy"
170-->[androidx.work:work-runtime:2.4.0] AndroidManifest.xml:66:13-106
171            android:directBootAware="false"
171-->[androidx.work:work-runtime:2.4.0] AndroidManifest.xml:67:13-44
172            android:enabled="false"
172-->[androidx.work:work-runtime:2.4.0] AndroidManifest.xml:68:13-36
173            android:exported="false" >
173-->[androidx.work:work-runtime:2.4.0] AndroidManifest.xml:69:13-37
174            <intent-filter>
174-->[androidx.work:work-runtime:2.4.0] AndroidManifest.xml:71:13-74:29
175                <action android:name="android.intent.action.ACTION_POWER_CONNECTED" />
175-->[androidx.work:work-runtime:2.4.0] AndroidManifest.xml:72:17-87
175-->[androidx.work:work-runtime:2.4.0] AndroidManifest.xml:72:25-84
176                <action android:name="android.intent.action.ACTION_POWER_DISCONNECTED" />
176-->[androidx.work:work-runtime:2.4.0] AndroidManifest.xml:73:17-90
176-->[androidx.work:work-runtime:2.4.0] AndroidManifest.xml:73:25-87
177            </intent-filter>
178        </receiver>
179        <receiver
179-->[androidx.work:work-runtime:2.4.0] AndroidManifest.xml:76:9-86:20
180            android:name="androidx.work.impl.background.systemalarm.ConstraintProxy$BatteryNotLowProxy"
180-->[androidx.work:work-runtime:2.4.0] AndroidManifest.xml:77:13-104
181            android:directBootAware="false"
181-->[androidx.work:work-runtime:2.4.0] AndroidManifest.xml:78:13-44
182            android:enabled="false"
182-->[androidx.work:work-runtime:2.4.0] AndroidManifest.xml:79:13-36
183            android:exported="false" >
183-->[androidx.work:work-runtime:2.4.0] AndroidManifest.xml:80:13-37
184            <intent-filter>
184-->[androidx.work:work-runtime:2.4.0] AndroidManifest.xml:82:13-85:29
185                <action android:name="android.intent.action.BATTERY_OKAY" />
185-->[androidx.work:work-runtime:2.4.0] AndroidManifest.xml:83:17-77
185-->[androidx.work:work-runtime:2.4.0] AndroidManifest.xml:83:25-74
186                <action android:name="android.intent.action.BATTERY_LOW" />
186-->[androidx.work:work-runtime:2.4.0] AndroidManifest.xml:84:17-76
186-->[androidx.work:work-runtime:2.4.0] AndroidManifest.xml:84:25-73
187            </intent-filter>
188        </receiver>
189        <receiver
189-->[androidx.work:work-runtime:2.4.0] AndroidManifest.xml:87:9-97:20
190            android:name="androidx.work.impl.background.systemalarm.ConstraintProxy$StorageNotLowProxy"
190-->[androidx.work:work-runtime:2.4.0] AndroidManifest.xml:88:13-104
191            android:directBootAware="false"
191-->[androidx.work:work-runtime:2.4.0] AndroidManifest.xml:89:13-44
192            android:enabled="false"
192-->[androidx.work:work-runtime:2.4.0] AndroidManifest.xml:90:13-36
193            android:exported="false" >
193-->[androidx.work:work-runtime:2.4.0] AndroidManifest.xml:91:13-37
194            <intent-filter>
194-->[androidx.work:work-runtime:2.4.0] AndroidManifest.xml:93:13-96:29
195                <action android:name="android.intent.action.DEVICE_STORAGE_LOW" />
195-->[androidx.work:work-runtime:2.4.0] AndroidManifest.xml:94:17-83
195-->[androidx.work:work-runtime:2.4.0] AndroidManifest.xml:94:25-80
196                <action android:name="android.intent.action.DEVICE_STORAGE_OK" />
196-->[androidx.work:work-runtime:2.4.0] AndroidManifest.xml:95:17-82
196-->[androidx.work:work-runtime:2.4.0] AndroidManifest.xml:95:25-79
197            </intent-filter>
198        </receiver>
199        <receiver
199-->[androidx.work:work-runtime:2.4.0] AndroidManifest.xml:98:9-107:20
200            android:name="androidx.work.impl.background.systemalarm.ConstraintProxy$NetworkStateProxy"
200-->[androidx.work:work-runtime:2.4.0] AndroidManifest.xml:99:13-103
201            android:directBootAware="false"
201-->[androidx.work:work-runtime:2.4.0] AndroidManifest.xml:100:13-44
202            android:enabled="false"
202-->[androidx.work:work-runtime:2.4.0] AndroidManifest.xml:101:13-36
203            android:exported="false" >
203-->[androidx.work:work-runtime:2.4.0] AndroidManifest.xml:102:13-37
204            <intent-filter>
204-->[androidx.work:work-runtime:2.4.0] AndroidManifest.xml:104:13-106:29
205                <action android:name="android.net.conn.CONNECTIVITY_CHANGE" />
205-->[androidx.work:work-runtime:2.4.0] AndroidManifest.xml:105:17-79
205-->[androidx.work:work-runtime:2.4.0] AndroidManifest.xml:105:25-76
206            </intent-filter>
207        </receiver>
208        <receiver
208-->[androidx.work:work-runtime:2.4.0] AndroidManifest.xml:108:9-119:20
209            android:name="androidx.work.impl.background.systemalarm.RescheduleReceiver"
209-->[androidx.work:work-runtime:2.4.0] AndroidManifest.xml:109:13-88
210            android:directBootAware="false"
210-->[androidx.work:work-runtime:2.4.0] AndroidManifest.xml:110:13-44
211            android:enabled="false"
211-->[androidx.work:work-runtime:2.4.0] AndroidManifest.xml:111:13-36
212            android:exported="false" >
212-->[androidx.work:work-runtime:2.4.0] AndroidManifest.xml:112:13-37
213            <intent-filter>
213-->[androidx.work:work-runtime:2.4.0] AndroidManifest.xml:114:13-118:29
214                <action android:name="android.intent.action.BOOT_COMPLETED" />
214-->[androidx.work:work-runtime:2.4.0] AndroidManifest.xml:115:17-79
214-->[androidx.work:work-runtime:2.4.0] AndroidManifest.xml:115:25-76
215                <action android:name="android.intent.action.TIME_SET" />
215-->[androidx.work:work-runtime:2.4.0] AndroidManifest.xml:116:17-73
215-->[androidx.work:work-runtime:2.4.0] AndroidManifest.xml:116:25-70
216                <action android:name="android.intent.action.TIMEZONE_CHANGED" />
216-->[androidx.work:work-runtime:2.4.0] AndroidManifest.xml:117:17-81
216-->[androidx.work:work-runtime:2.4.0] AndroidManifest.xml:117:25-78
217            </intent-filter>
218        </receiver>
219        <receiver
219-->[androidx.work:work-runtime:2.4.0] AndroidManifest.xml:120:9-129:20
220            android:name="androidx.work.impl.background.systemalarm.ConstraintProxyUpdateReceiver"
220-->[androidx.work:work-runtime:2.4.0] AndroidManifest.xml:121:13-99
221            android:directBootAware="false"
221-->[androidx.work:work-runtime:2.4.0] AndroidManifest.xml:122:13-44
222            android:enabled="@bool/enable_system_alarm_service_default"
222-->[androidx.work:work-runtime:2.4.0] AndroidManifest.xml:123:13-72
223            android:exported="false" >
223-->[androidx.work:work-runtime:2.4.0] AndroidManifest.xml:124:13-37
224            <intent-filter>
224-->[androidx.work:work-runtime:2.4.0] AndroidManifest.xml:126:13-128:29
225                <action android:name="androidx.work.impl.background.systemalarm.UpdateProxies" />
225-->[androidx.work:work-runtime:2.4.0] AndroidManifest.xml:127:17-98
225-->[androidx.work:work-runtime:2.4.0] AndroidManifest.xml:127:25-95
226            </intent-filter>
227        </receiver>
228        <receiver
228-->[androidx.work:work-runtime:2.4.0] AndroidManifest.xml:130:9-140:20
229            android:name="androidx.work.impl.diagnostics.DiagnosticsReceiver"
229-->[androidx.work:work-runtime:2.4.0] AndroidManifest.xml:131:13-78
230            android:directBootAware="false"
230-->[androidx.work:work-runtime:2.4.0] AndroidManifest.xml:132:13-44
231            android:enabled="true"
231-->[androidx.work:work-runtime:2.4.0] AndroidManifest.xml:133:13-35
232            android:exported="true"
232-->[androidx.work:work-runtime:2.4.0] AndroidManifest.xml:134:13-36
233            android:permission="android.permission.DUMP" >
233-->[androidx.work:work-runtime:2.4.0] AndroidManifest.xml:135:13-57
234            <intent-filter>
234-->[androidx.work:work-runtime:2.4.0] AndroidManifest.xml:137:13-139:29
235                <action android:name="androidx.work.diagnostics.REQUEST_DIAGNOSTICS" />
235-->[androidx.work:work-runtime:2.4.0] AndroidManifest.xml:138:17-88
235-->[androidx.work:work-runtime:2.4.0] AndroidManifest.xml:138:25-85
236            </intent-filter>
237        </receiver>
238
239        <service
239-->[androidx.room:room-runtime:2.2.5] AndroidManifest.xml:25:9-28:40
240            android:name="androidx.room.MultiInstanceInvalidationService"
240-->[androidx.room:room-runtime:2.2.5] AndroidManifest.xml:26:13-74
241            android:directBootAware="true"
241-->[androidx.room:room-runtime:2.2.5] AndroidManifest.xml:27:13-43
242            android:exported="false" />
242-->[androidx.room:room-runtime:2.2.5] AndroidManifest.xml:28:13-37
243    </application>
244
245</manifest>